=> Loading Rails...
/home/anatoly/rails_apps/commune2/app/models/user.rb:147: warning: Object#id will be deprecated; use Object#object_id
** Rails loaded.
** Starting Workling::Remote::Invokers::ThreadedPoller...
** Use CTRL-C to stop.
New job application notification... Sun Feb 07 23:28:27 UTC 2010Number of users: 1
Sending reminder to monolith Sun Feb 07 23:28:27 UTC 2010
New job application notification... Sun Feb 07 23:28:29 UTC 2010Number of users: 0
New job application notification... Sun Feb 07 23:28:29 UTC 2010Number of users: 0
New job application notification... Sun Feb 07 23:28:29 UTC 2010Number of users: 0
New job application notification... Sun Feb 07 23:28:29 UTC 2010Number of users: 0
New job application notification... Sun Feb 07 23:28:29 UTC 2010Number of users: 0
New job application notification... Sun Feb 07 23:28:29 UTC 2010Number of users: 0
New job application notification... Sun Feb 07 23:28:29 UTC 2010Number of users: 0
New job application notification... Sun Feb 07 23:28:29 UTC 2010Number of users: 0
New job application notification... Sun Feb 07 23:28:29 UTC 2010Number of users: 0
New job application notification... Sun Feb 07 23:28:29 UTC 2010Number of users: 0
New job application notification... Sun Feb 07 23:28:29 UTC 2010Number of users: 0
New job application notification... Sun Feb 07 23:28:29 UTC 2010Number of users: 0
New job application notification... Sun Feb 07 23:28:29 UTC 2010Number of users: 0
New job application notification... Sun Feb 07 23:28:29 UTC 2010Number of users: 0
New job application notification... Sun Feb 07 23:28:29 UTC 2010Number of users: 0
New job application notification... Sun Feb 07 23:28:29 UTC 2010Number of users: 0
New job application notification... Sun Feb 07 23:28:29 UTC 2010Number of users: 0
New job application notification... Sun Feb 07 23:28:29 UTC 2010Number of users: 0
New job application notification... Sun Feb 07 23:28:29 UTC 2010Number of users: 0
New job application notification... Sun Feb 07 23:28:29 UTC 2010Number of users: 0
** Exiting
=> Loading Rails...
/home/anatoly/rails_apps/commune2/app/models/user.rb:147: warning: Object#id will be deprecated; use Object#object_id
** Rails loaded.
** Starting Workling::Remote::Invokers::ThreadedPoller...
** Use CTRL-C to stop.
New job application notification... Sun Feb 07 23:31:21 UTC 2010New job application notification... Sun Feb 07 23:59:25 UTC 2010** Exiting
/home/anatoly/rails_apps/commune2/app/workers/mailings_worker.rb:5:in `+': can't convert Time into String (TypeError)
	from /home/anatoly/rails_apps/commune2/vendor/plugins/workling/script/../lib/workling/remote/invokers/threaded_poller.rb:37:in `join'
	from /home/anatoly/rails_apps/commune2/vendor/plugins/workling/script/../lib/workling/remote/invokers/threaded_poller.rb:37:in `listen'
	from /home/anatoly/rails_apps/commune2/vendor/plugins/workling/script/../lib/workling/remote/invokers/threaded_poller.rb:37:in `each'
	from /home/anatoly/rails_apps/commune2/vendor/plugins/workling/script/../lib/workling/remote/invokers/threaded_poller.rb:37:in `listen'
	from /home/anatoly/rails_apps/commune2/vendor/plugins/workling/script/listen.rb:24
	from /usr/local/lib/ruby/gems/1.8/gems/daemons-1.0.10/lib/daemons/application.rb:176:in `load'
	from /usr/local/lib/ruby/gems/1.8/gems/daemons-1.0.10/lib/daemons/application.rb:176:in `start_load'
	from /usr/local/lib/ruby/gems/1.8/gems/daemons-1.0.10/lib/daemons/application.rb:257:in `start'
	from /usr/local/lib/ruby/gems/1.8/gems/daemons-1.0.10/lib/daemons/application_group.rb:123:in `start_all'
	from /usr/local/lib/ruby/gems/1.8/gems/daemons-1.0.10/lib/daemons/application_group.rb:122:in `fork'
	from /usr/local/lib/ruby/gems/1.8/gems/daemons-1.0.10/lib/daemons/application_group.rb:122:in `start_all'
	from /usr/local/lib/ruby/gems/1.8/gems/daemons-1.0.10/lib/daemons/application_group.rb:121:in `each'
	from /usr/local/lib/ruby/gems/1.8/gems/daemons-1.0.10/lib/daemons/application_group.rb:121:in `start_all'
	from /usr/local/lib/ruby/gems/1.8/gems/daemons-1.0.10/lib/daemons/controller.rb:79:in `run'
	from /usr/local/lib/ruby/gems/1.8/gems/daemons-1.0.10/lib/daemons.rb:139:in `run'
	from /usr/local/lib/ruby/gems/1.8/gems/daemons-1.0.10/lib/daemons/cmdline.rb:105:in `call'
	from /usr/local/lib/ruby/gems/1.8/gems/daemons-1.0.10/lib/daemons/cmdline.rb:105:in `catch_exceptions'
	from /usr/local/lib/ruby/gems/1.8/gems/daemons-1.0.10/lib/daemons.rb:138:in `run'
	from script/workling_client:17
=> Loading Rails...
/home/anatoly/rails_apps/commune2/app/models/user.rb:147: warning: Object#id will be deprecated; use Object#object_id
** Rails loaded.
** Starting Workling::Remote::Invokers::ThreadedPoller...
** Use CTRL-C to stop.
Reminding... Mon Feb 08 03:00:04 UTC 2010Number of users: 0
** Exiting
/usr/local/lib/ruby/gems/1.8/gems/activerecord-2.3.4/lib/active_record/connection_adapters/mysql_adapter.rb:585:in `real_connect': Can't connect to local MySQL server through socket '/var/run/mysqld/mysqld.sock' (2) (Mysql::Error)
	from /home/anatoly/rails_apps/commune2/vendor/plugins/workling/script/../lib/workling/remote/invokers/threaded_poller.rb:37:in `join'
	from /home/anatoly/rails_apps/commune2/vendor/plugins/workling/script/../lib/workling/remote/invokers/threaded_poller.rb:37:in `listen'
	from /home/anatoly/rails_apps/commune2/vendor/plugins/workling/script/../lib/workling/remote/invokers/threaded_poller.rb:37:in `each'
	from /home/anatoly/rails_apps/commune2/vendor/plugins/workling/script/../lib/workling/remote/invokers/threaded_poller.rb:37:in `listen'
	from /home/anatoly/rails_apps/commune2/vendor/plugins/workling/script/listen.rb:24
	from /usr/local/lib/ruby/gems/1.8/gems/daemons-1.0.10/lib/daemons/application.rb:176:in `load'
	from /usr/local/lib/ruby/gems/1.8/gems/daemons-1.0.10/lib/daemons/application.rb:176:in `start_load'
	from /usr/local/lib/ruby/gems/1.8/gems/daemons-1.0.10/lib/daemons/application.rb:257:in `start'
	from /usr/local/lib/ruby/gems/1.8/gems/daemons-1.0.10/lib/daemons/controller.rb:69:in `run'
	from /usr/local/lib/ruby/gems/1.8/gems/daemons-1.0.10/lib/daemons.rb:139:in `run'
	from /usr/local/lib/ruby/gems/1.8/gems/daemons-1.0.10/lib/daemons/cmdline.rb:105:in `call'
	from /usr/local/lib/ruby/gems/1.8/gems/daemons-1.0.10/lib/daemons/cmdline.rb:105:in `catch_exceptions'
	from /usr/local/lib/ruby/gems/1.8/gems/daemons-1.0.10/lib/daemons.rb:138:in `run'
	from script/workling_client:17
=> Loading Rails...
/home/anatoly/rails_apps/commune2/app/models/user.rb:147: warning: Object#id will be deprecated; use Object#object_id
** Rails loaded.
** Starting Workling::Remote::Invokers::ThreadedPoller...
** Use CTRL-C to stop.
** Exiting
/usr/local/lib/ruby/gems/1.8/gems/activerecord-2.3.4/lib/active_record/connection_adapters/mysql_adapter.rb:585:in `real_connect': Can't connect to local MySQL server through socket '/var/run/mysqld/mysqld.sock' (2) (Mysql::Error)
	from /home/anatoly/rails_apps/commune2/vendor/plugins/workling/script/../lib/workling/remote/invokers/threaded_poller.rb:37:in `join'
	from /home/anatoly/rails_apps/commune2/vendor/plugins/workling/script/../lib/workling/remote/invokers/threaded_poller.rb:37:in `listen'
	from /home/anatoly/rails_apps/commune2/vendor/plugins/workling/script/../lib/workling/remote/invokers/threaded_poller.rb:37:in `each'
	from /home/anatoly/rails_apps/commune2/vendor/plugins/workling/script/../lib/workling/remote/invokers/threaded_poller.rb:37:in `listen'
	from /home/anatoly/rails_apps/commune2/vendor/plugins/workling/script/listen.rb:24
	from /usr/local/lib/ruby/gems/1.8/gems/daemons-1.0.10/lib/daemons/application.rb:176:in `load'
	from /usr/local/lib/ruby/gems/1.8/gems/daemons-1.0.10/lib/daemons/application.rb:176:in `start_load'
	from /usr/local/lib/ruby/gems/1.8/gems/daemons-1.0.10/lib/daemons/application.rb:257:in `start'
	from /usr/local/lib/ruby/gems/1.8/gems/daemons-1.0.10/lib/daemons/controller.rb:69:in `run'
	from /usr/local/lib/ruby/gems/1.8/gems/daemons-1.0.10/lib/daemons.rb:139:in `run'
	from /usr/local/lib/ruby/gems/1.8/gems/daemons-1.0.10/lib/daemons/cmdline.rb:105:in `call'
	from /usr/local/lib/ruby/gems/1.8/gems/daemons-1.0.10/lib/daemons/cmdline.rb:105:in `catch_exceptions'
	from /usr/local/lib/ruby/gems/1.8/gems/daemons-1.0.10/lib/daemons.rb:138:in `run'
	from script/workling_client:17
=> Loading Rails...
/home/anatoly/rails_apps/commune2/app/models/user.rb:147: warning: Object#id will be deprecated; use Object#object_id
** Rails loaded.
** Starting Workling::Remote::Invokers::ThreadedPoller...
** Use CTRL-C to stop.
Reminding... Tue Feb 09 01:00:04 UTC 2010
Number of users: 0
Reminding... Tue Feb 09 03:00:03 UTC 2010
Number of users: 0
** Exiting
/usr/local/lib/ruby/gems/1.8/gems/activerecord-2.3.4/lib/active_record/connection_adapters/mysql_adapter.rb:585:in `real_connect': Can't connect to local MySQL server through socket '/var/run/mysqld/mysqld.sock' (2) (Mysql::Error)
	from /home/anatoly/rails_apps/commune2/vendor/plugins/workling/script/../lib/workling/remote/invokers/threaded_poller.rb:37:in `join'
	from /home/anatoly/rails_apps/commune2/vendor/plugins/workling/script/../lib/workling/remote/invokers/threaded_poller.rb:37:in `listen'
	from /home/anatoly/rails_apps/commune2/vendor/plugins/workling/script/../lib/workling/remote/invokers/threaded_poller.rb:37:in `each'
	from /home/anatoly/rails_apps/commune2/vendor/plugins/workling/script/../lib/workling/remote/invokers/threaded_poller.rb:37:in `listen'
	from /home/anatoly/rails_apps/commune2/vendor/plugins/workling/script/listen.rb:24
	from /usr/local/lib/ruby/gems/1.8/gems/daemons-1.0.10/lib/daemons/application.rb:176:in `load'
	from /usr/local/lib/ruby/gems/1.8/gems/daemons-1.0.10/lib/daemons/application.rb:176:in `start_load'
	from /usr/local/lib/ruby/gems/1.8/gems/daemons-1.0.10/lib/daemons/application.rb:257:in `start'
	from /usr/local/lib/ruby/gems/1.8/gems/daemons-1.0.10/lib/daemons/controller.rb:69:in `run'
	from /usr/local/lib/ruby/gems/1.8/gems/daemons-1.0.10/lib/daemons.rb:139:in `run'
	from /usr/local/lib/ruby/gems/1.8/gems/daemons-1.0.10/lib/daemons/cmdline.rb:105:in `call'
	from /usr/local/lib/ruby/gems/1.8/gems/daemons-1.0.10/lib/daemons/cmdline.rb:105:in `catch_exceptions'
	from /usr/local/lib/ruby/gems/1.8/gems/daemons-1.0.10/lib/daemons.rb:138:in `run'
	from script/workling_client:17
=> Loading Rails...
/home/anatoly/rails_apps/commune2/app/models/user.rb:147: warning: Object#id will be deprecated; use Object#object_id
** Rails loaded.
** Starting Workling::Remote::Invokers::ThreadedPoller...
** Use CTRL-C to stop.
** Exiting
/usr/local/lib/ruby/gems/1.8/gems/activerecord-2.3.4/lib/active_record/connection_adapters/mysql_adapter.rb:585:in `real_connect': Can't connect to local MySQL server through socket '/var/run/mysqld/mysqld.sock' (2) (Mysql::Error)
	from /home/anatoly/rails_apps/commune2/vendor/plugins/workling/script/../lib/workling/remote/invokers/threaded_poller.rb:37:in `join'
	from /home/anatoly/rails_apps/commune2/vendor/plugins/workling/script/../lib/workling/remote/invokers/threaded_poller.rb:37:in `listen'
	from /home/anatoly/rails_apps/commune2/vendor/plugins/workling/script/../lib/workling/remote/invokers/threaded_poller.rb:37:in `each'
	from /home/anatoly/rails_apps/commune2/vendor/plugins/workling/script/../lib/workling/remote/invokers/threaded_poller.rb:37:in `listen'
	from /home/anatoly/rails_apps/commune2/vendor/plugins/workling/script/listen.rb:24
	from /usr/local/lib/ruby/gems/1.8/gems/daemons-1.0.10/lib/daemons/application.rb:176:in `load'
	from /usr/local/lib/ruby/gems/1.8/gems/daemons-1.0.10/lib/daemons/application.rb:176:in `start_load'
	from /usr/local/lib/ruby/gems/1.8/gems/daemons-1.0.10/lib/daemons/application.rb:257:in `start'
	from /usr/local/lib/ruby/gems/1.8/gems/daemons-1.0.10/lib/daemons/controller.rb:69:in `run'
	from /usr/local/lib/ruby/gems/1.8/gems/daemons-1.0.10/lib/daemons.rb:139:in `run'
	from /usr/local/lib/ruby/gems/1.8/gems/daemons-1.0.10/lib/daemons/cmdline.rb:105:in `call'
	from /usr/local/lib/ruby/gems/1.8/gems/daemons-1.0.10/lib/daemons/cmdline.rb:105:in `catch_exceptions'
	from /usr/local/lib/ruby/gems/1.8/gems/daemons-1.0.10/lib/daemons.rb:138:in `run'
	from script/workling_client:17
=> Loading Rails...
/home/anatoly/rails_apps/commune2/app/models/user.rb:147: warning: Object#id will be deprecated; use Object#object_id
** Rails loaded.
** Starting Workling::Remote::Invokers::ThreadedPoller...
** Use CTRL-C to stop.
** Exiting
/usr/local/lib/ruby/gems/1.8/gems/activerecord-2.3.4/lib/active_record/connection_adapters/mysql_adapter.rb:585:in `real_connect': Can't connect to local MySQL server through socket '/var/run/mysqld/mysqld.sock' (2) (Mysql::Error)
	from /home/anatoly/rails_apps/commune2/vendor/plugins/workling/script/../lib/workling/remote/invokers/threaded_poller.rb:37:in `join'
	from /home/anatoly/rails_apps/commune2/vendor/plugins/workling/script/../lib/workling/remote/invokers/threaded_poller.rb:37:in `listen'
	from /home/anatoly/rails_apps/commune2/vendor/plugins/workling/script/../lib/workling/remote/invokers/threaded_poller.rb:37:in `each'
	from /home/anatoly/rails_apps/commune2/vendor/plugins/workling/script/../lib/workling/remote/invokers/threaded_poller.rb:37:in `listen'
	from /home/anatoly/rails_apps/commune2/vendor/plugins/workling/script/listen.rb:24
	from /usr/local/lib/ruby/gems/1.8/gems/daemons-1.0.10/lib/daemons/application.rb:176:in `load'
	from /usr/local/lib/ruby/gems/1.8/gems/daemons-1.0.10/lib/daemons/application.rb:176:in `start_load'
	from /usr/local/lib/ruby/gems/1.8/gems/daemons-1.0.10/lib/daemons/application.rb:257:in `start'
	from /usr/local/lib/ruby/gems/1.8/gems/daemons-1.0.10/lib/daemons/controller.rb:69:in `run'
	from /usr/local/lib/ruby/gems/1.8/gems/daemons-1.0.10/lib/daemons.rb:139:in `run'
	from /usr/local/lib/ruby/gems/1.8/gems/daemons-1.0.10/lib/daemons/cmdline.rb:105:in `call'
	from /usr/local/lib/ruby/gems/1.8/gems/daemons-1.0.10/lib/daemons/cmdline.rb:105:in `catch_exceptions'
	from /usr/local/lib/ruby/gems/1.8/gems/daemons-1.0.10/lib/daemons.rb:138:in `run'
	from script/workling_client:17
=> Loading Rails...
/home/anatoly/rails_apps/commune2/app/models/user.rb:147: warning: Object#id will be deprecated; use Object#object_id
** Rails loaded.
** Starting Workling::Remote::Invokers::ThreadedPoller...
** Use CTRL-C to stop.
Reminding... Wed Feb 10 01:00:04 UTC 2010
Number of users: 0
Reminding... Wed Feb 10 03:00:04 UTC 2010
Number of users: 0
** Exiting
/usr/local/lib/ruby/gems/1.8/gems/activerecord-2.3.4/lib/active_record/connection_adapters/mysql_adapter.rb:585:in `real_connect': Can't connect to local MySQL server through socket '/var/run/mysqld/mysqld.sock' (2) (Mysql::Error)
	from /home/anatoly/rails_apps/commune2/vendor/plugins/workling/script/../lib/workling/remote/invokers/threaded_poller.rb:37:in `join'
	from /home/anatoly/rails_apps/commune2/vendor/plugins/workling/script/../lib/workling/remote/invokers/threaded_poller.rb:37:in `listen'
	from /home/anatoly/rails_apps/commune2/vendor/plugins/workling/script/../lib/workling/remote/invokers/threaded_poller.rb:37:in `each'
	from /home/anatoly/rails_apps/commune2/vendor/plugins/workling/script/../lib/workling/remote/invokers/threaded_poller.rb:37:in `listen'
	from /home/anatoly/rails_apps/commune2/vendor/plugins/workling/script/listen.rb:24
	from /usr/local/lib/ruby/gems/1.8/gems/daemons-1.0.10/lib/daemons/application.rb:176:in `load'
	from /usr/local/lib/ruby/gems/1.8/gems/daemons-1.0.10/lib/daemons/application.rb:176:in `start_load'
	from /usr/local/lib/ruby/gems/1.8/gems/daemons-1.0.10/lib/daemons/application.rb:257:in `start'
	from /usr/local/lib/ruby/gems/1.8/gems/daemons-1.0.10/lib/daemons/controller.rb:69:in `run'
	from /usr/local/lib/ruby/gems/1.8/gems/daemons-1.0.10/lib/daemons.rb:139:in `run'
	from /usr/local/lib/ruby/gems/1.8/gems/daemons-1.0.10/lib/daemons/cmdline.rb:105:in `call'
	from /usr/local/lib/ruby/gems/1.8/gems/daemons-1.0.10/lib/daemons/cmdline.rb:105:in `catch_exceptions'
	from /usr/local/lib/ruby/gems/1.8/gems/daemons-1.0.10/lib/daemons.rb:138:in `run'
	from script/workling_client:17
=> Loading Rails...
/home/anatoly/rails_apps/commune2/app/models/user.rb:147: warning: Object#id will be deprecated; use Object#object_id
** Rails loaded.
** Starting Workling::Remote::Invokers::ThreadedPoller...
** Use CTRL-C to stop.
** Exiting
/usr/local/lib/ruby/gems/1.8/gems/activerecord-2.3.4/lib/active_record/connection_adapters/mysql_adapter.rb:585:in `real_connect': Can't connect to local MySQL server through socket '/var/run/mysqld/mysqld.sock' (2) (Mysql::Error)
	from /home/anatoly/rails_apps/commune2/vendor/plugins/workling/script/../lib/workling/remote/invokers/threaded_poller.rb:37:in `join'
	from /home/anatoly/rails_apps/commune2/vendor/plugins/workling/script/../lib/workling/remote/invokers/threaded_poller.rb:37:in `listen'
	from /home/anatoly/rails_apps/commune2/vendor/plugins/workling/script/../lib/workling/remote/invokers/threaded_poller.rb:37:in `each'
	from /home/anatoly/rails_apps/commune2/vendor/plugins/workling/script/../lib/workling/remote/invokers/threaded_poller.rb:37:in `listen'
	from /home/anatoly/rails_apps/commune2/vendor/plugins/workling/script/listen.rb:24
	from /usr/local/lib/ruby/gems/1.8/gems/daemons-1.0.10/lib/daemons/application.rb:176:in `load'
	from /usr/local/lib/ruby/gems/1.8/gems/daemons-1.0.10/lib/daemons/application.rb:176:in `start_load'
	from /usr/local/lib/ruby/gems/1.8/gems/daemons-1.0.10/lib/daemons/application.rb:257:in `start'
	from /usr/local/lib/ruby/gems/1.8/gems/daemons-1.0.10/lib/daemons/controller.rb:69:in `run'
	from /usr/local/lib/ruby/gems/1.8/gems/daemons-1.0.10/lib/daemons.rb:139:in `run'
	from /usr/local/lib/ruby/gems/1.8/gems/daemons-1.0.10/lib/daemons/cmdline.rb:105:in `call'
	from /usr/local/lib/ruby/gems/1.8/gems/daemons-1.0.10/lib/daemons/cmdline.rb:105:in `catch_exceptions'
	from /usr/local/lib/ruby/gems/1.8/gems/daemons-1.0.10/lib/daemons.rb:138:in `run'
	from script/workling_client:17
=> Loading Rails...
/home/anatoly/rails_apps/commune2/app/models/user.rb:147: warning: Object#id will be deprecated; use Object#object_id
** Rails loaded.
** Starting Workling::Remote::Invokers::ThreadedPoller...
** Use CTRL-C to stop.
Reminding... Thu Feb 11 01:00:03 UTC 2010
Number of users: 0
** Exiting
=> Loading Rails...
/home/anatoly/rails_apps/commune2/app/models/user.rb:147: warning: Object#id will be deprecated; use Object#object_id
** Rails loaded.
** Starting Workling::Remote::Invokers::ThreadedPoller...
** Use CTRL-C to stop.
New job application notification... Thu Feb 11 02:32:01 UTC 2010
Reminding... Thu Feb 11 03:00:04 UTC 2010
Number of users: 0
** Exiting
/usr/local/lib/ruby/gems/1.8/gems/activerecord-2.3.4/lib/active_record/connection_adapters/mysql_adapter.rb:585:in `real_connect': Can't connect to local MySQL server through socket '/var/run/mysqld/mysqld.sock' (2) (Mysql::Error)
	from /home/anatoly/rails_apps/commune2/vendor/plugins/workling/script/../lib/workling/remote/invokers/threaded_poller.rb:37:in `join'
	from /home/anatoly/rails_apps/commune2/vendor/plugins/workling/script/../lib/workling/remote/invokers/threaded_poller.rb:37:in `listen'
	from /home/anatoly/rails_apps/commune2/vendor/plugins/workling/script/../lib/workling/remote/invokers/threaded_poller.rb:37:in `each'
	from /home/anatoly/rails_apps/commune2/vendor/plugins/workling/script/../lib/workling/remote/invokers/threaded_poller.rb:37:in `listen'
	from /home/anatoly/rails_apps/commune2/vendor/plugins/workling/script/listen.rb:24
	from /usr/local/lib/ruby/gems/1.8/gems/daemons-1.0.10/lib/daemons/application.rb:176:in `load'
	from /usr/local/lib/ruby/gems/1.8/gems/daemons-1.0.10/lib/daemons/application.rb:176:in `start_load'
	from /usr/local/lib/ruby/gems/1.8/gems/daemons-1.0.10/lib/daemons/application.rb:257:in `start'
	from /usr/local/lib/ruby/gems/1.8/gems/daemons-1.0.10/lib/daemons/application_group.rb:123:in `start_all'
	from /usr/local/lib/ruby/gems/1.8/gems/daemons-1.0.10/lib/daemons/application_group.rb:122:in `fork'
	from /usr/local/lib/ruby/gems/1.8/gems/daemons-1.0.10/lib/daemons/application_group.rb:122:in `start_all'
	from /usr/local/lib/ruby/gems/1.8/gems/daemons-1.0.10/lib/daemons/application_group.rb:121:in `each'
	from /usr/local/lib/ruby/gems/1.8/gems/daemons-1.0.10/lib/daemons/application_group.rb:121:in `start_all'
	from /usr/local/lib/ruby/gems/1.8/gems/daemons-1.0.10/lib/daemons/controller.rb:79:in `run'
	from /usr/local/lib/ruby/gems/1.8/gems/daemons-1.0.10/lib/daemons.rb:139:in `run'
	from /usr/local/lib/ruby/gems/1.8/gems/daemons-1.0.10/lib/daemons/cmdline.rb:105:in `call'
	from /usr/local/lib/ruby/gems/1.8/gems/daemons-1.0.10/lib/daemons/cmdline.rb:105:in `catch_exceptions'
	from /usr/local/lib/ruby/gems/1.8/gems/daemons-1.0.10/lib/daemons.rb:138:in `run'
	from script/workling_client:17
=> Loading Rails...
/home/anatoly/rails_apps/commune2/app/models/user.rb:147: warning: Object#id will be deprecated; use Object#object_id
** Rails loaded.
** Starting Workling::Remote::Invokers::ThreadedPoller...
** Use CTRL-C to stop.
** Exiting
/usr/local/lib/ruby/gems/1.8/gems/activerecord-2.3.4/lib/active_record/connection_adapters/mysql_adapter.rb:585:in `real_connect': Can't connect to local MySQL server through socket '/var/run/mysqld/mysqld.sock' (2) (Mysql::Error)
	from /home/anatoly/rails_apps/commune2/vendor/plugins/workling/script/../lib/workling/remote/invokers/threaded_poller.rb:37:in `join'
	from /home/anatoly/rails_apps/commune2/vendor/plugins/workling/script/../lib/workling/remote/invokers/threaded_poller.rb:37:in `listen'
	from /home/anatoly/rails_apps/commune2/vendor/plugins/workling/script/../lib/workling/remote/invokers/threaded_poller.rb:37:in `each'
	from /home/anatoly/rails_apps/commune2/vendor/plugins/workling/script/../lib/workling/remote/invokers/threaded_poller.rb:37:in `listen'
	from /home/anatoly/rails_apps/commune2/vendor/plugins/workling/script/listen.rb:24
	from /usr/local/lib/ruby/gems/1.8/gems/daemons-1.0.10/lib/daemons/application.rb:176:in `load'
	from /usr/local/lib/ruby/gems/1.8/gems/daemons-1.0.10/lib/daemons/application.rb:176:in `start_load'
	from /usr/local/lib/ruby/gems/1.8/gems/daemons-1.0.10/lib/daemons/application.rb:257:in `start'
	from /usr/local/lib/ruby/gems/1.8/gems/daemons-1.0.10/lib/daemons/controller.rb:69:in `run'
	from /usr/local/lib/ruby/gems/1.8/gems/daemons-1.0.10/lib/daemons.rb:139:in `run'
	from /usr/local/lib/ruby/gems/1.8/gems/daemons-1.0.10/lib/daemons/cmdline.rb:105:in `call'
	from /usr/local/lib/ruby/gems/1.8/gems/daemons-1.0.10/lib/daemons/cmdline.rb:105:in `catch_exceptions'
	from /usr/local/lib/ruby/gems/1.8/gems/daemons-1.0.10/lib/daemons.rb:138:in `run'
	from script/workling_client:17
=> Loading Rails...
/home/anatoly/rails_apps/commune2/app/models/user.rb:147: warning: Object#id will be deprecated; use Object#object_id
** Rails loaded.
** Starting Workling::Remote::Invokers::ThreadedPoller...
** Use CTRL-C to stop.
** Exiting
/usr/local/lib/ruby/gems/1.8/gems/activerecord-2.3.4/lib/active_record/connection_adapters/mysql_adapter.rb:585:in `real_connect': Can't connect to local MySQL server through socket '/var/run/mysqld/mysqld.sock' (2) (Mysql::Error)
	from /home/anatoly/rails_apps/commune2/vendor/plugins/workling/script/../lib/workling/remote/invokers/threaded_poller.rb:37:in `join'
	from /home/anatoly/rails_apps/commune2/vendor/plugins/workling/script/../lib/workling/remote/invokers/threaded_poller.rb:37:in `listen'
	from /home/anatoly/rails_apps/commune2/vendor/plugins/workling/script/../lib/workling/remote/invokers/threaded_poller.rb:37:in `each'
	from /home/anatoly/rails_apps/commune2/vendor/plugins/workling/script/../lib/workling/remote/invokers/threaded_poller.rb:37:in `listen'
	from /home/anatoly/rails_apps/commune2/vendor/plugins/workling/script/listen.rb:24
	from /usr/local/lib/ruby/gems/1.8/gems/daemons-1.0.10/lib/daemons/application.rb:176:in `load'
	from /usr/local/lib/ruby/gems/1.8/gems/daemons-1.0.10/lib/daemons/application.rb:176:in `start_load'
	from /usr/local/lib/ruby/gems/1.8/gems/daemons-1.0.10/lib/daemons/application.rb:257:in `start'
	from /usr/local/lib/ruby/gems/1.8/gems/daemons-1.0.10/lib/daemons/controller.rb:69:in `run'
	from /usr/local/lib/ruby/gems/1.8/gems/daemons-1.0.10/lib/daemons.rb:139:in `run'
	from /usr/local/lib/ruby/gems/1.8/gems/daemons-1.0.10/lib/daemons/cmdline.rb:105:in `call'
	from /usr/local/lib/ruby/gems/1.8/gems/daemons-1.0.10/lib/daemons/cmdline.rb:105:in `catch_exceptions'
	from /usr/local/lib/ruby/gems/1.8/gems/daemons-1.0.10/lib/daemons.rb:138:in `run'
	from script/workling_client:17
=> Loading Rails...
/home/anatoly/rails_apps/commune2/app/models/user.rb:147: warning: Object#id will be deprecated; use Object#object_id
** Rails loaded.
** Starting Workling::Remote::Invokers::ThreadedPoller...
** Use CTRL-C to stop.
Reminding... Fri Feb 12 03:00:05 UTC 2010
Number of users: 0
** Exiting
/usr/local/lib/ruby/gems/1.8/gems/activerecord-2.3.4/lib/active_record/connection_adapters/mysql_adapter.rb:585:in `real_connect': Can't connect to local MySQL server through socket '/var/run/mysqld/mysqld.sock' (2) (Mysql::Error)
	from /home/anatoly/rails_apps/commune2/vendor/plugins/workling/script/../lib/workling/remote/invokers/threaded_poller.rb:37:in `join'
	from /home/anatoly/rails_apps/commune2/vendor/plugins/workling/script/../lib/workling/remote/invokers/threaded_poller.rb:37:in `listen'
	from /home/anatoly/rails_apps/commune2/vendor/plugins/workling/script/../lib/workling/remote/invokers/threaded_poller.rb:37:in `each'
	from /home/anatoly/rails_apps/commune2/vendor/plugins/workling/script/../lib/workling/remote/invokers/threaded_poller.rb:37:in `listen'
	from /home/anatoly/rails_apps/commune2/vendor/plugins/workling/script/listen.rb:24
	from /usr/local/lib/ruby/gems/1.8/gems/daemons-1.0.10/lib/daemons/application.rb:176:in `load'
	from /usr/local/lib/ruby/gems/1.8/gems/daemons-1.0.10/lib/daemons/application.rb:176:in `start_load'
	from /usr/local/lib/ruby/gems/1.8/gems/daemons-1.0.10/lib/daemons/application.rb:257:in `start'
	from /usr/local/lib/ruby/gems/1.8/gems/daemons-1.0.10/lib/daemons/controller.rb:69:in `run'
	from /usr/local/lib/ruby/gems/1.8/gems/daemons-1.0.10/lib/daemons.rb:139:in `run'
	from /usr/local/lib/ruby/gems/1.8/gems/daemons-1.0.10/lib/daemons/cmdline.rb:105:in `call'
	from /usr/local/lib/ruby/gems/1.8/gems/daemons-1.0.10/lib/daemons/cmdline.rb:105:in `catch_exceptions'
	from /usr/local/lib/ruby/gems/1.8/gems/daemons-1.0.10/lib/daemons.rb:138:in `run'
	from script/workling_client:17
=> Loading Rails...
/home/anatoly/rails_apps/commune2/app/models/user.rb:147: warning: Object#id will be deprecated; use Object#object_id
** Rails loaded.
** Starting Workling::Remote::Invokers::ThreadedPoller...
** Use CTRL-C to stop.
** Exiting
/usr/local/lib/ruby/gems/1.8/gems/activerecord-2.3.4/lib/active_record/connection_adapters/mysql_adapter.rb:585:in `real_connect': Can't connect to local MySQL server through socket '/var/run/mysqld/mysqld.sock' (2) (Mysql::Error)
	from /home/anatoly/rails_apps/commune2/vendor/plugins/workling/script/../lib/workling/remote/invokers/threaded_poller.rb:37:in `join'
	from /home/anatoly/rails_apps/commune2/vendor/plugins/workling/script/../lib/workling/remote/invokers/threaded_poller.rb:37:in `listen'
	from /home/anatoly/rails_apps/commune2/vendor/plugins/workling/script/../lib/workling/remote/invokers/threaded_poller.rb:37:in `each'
	from /home/anatoly/rails_apps/commune2/vendor/plugins/workling/script/../lib/workling/remote/invokers/threaded_poller.rb:37:in `listen'
	from /home/anatoly/rails_apps/commune2/vendor/plugins/workling/script/listen.rb:24
	from /usr/local/lib/ruby/gems/1.8/gems/daemons-1.0.10/lib/daemons/application.rb:176:in `load'
	from /usr/local/lib/ruby/gems/1.8/gems/daemons-1.0.10/lib/daemons/application.rb:176:in `start_load'
	from /usr/local/lib/ruby/gems/1.8/gems/daemons-1.0.10/lib/daemons/application.rb:257:in `start'
	from /usr/local/lib/ruby/gems/1.8/gems/daemons-1.0.10/lib/daemons/controller.rb:69:in `run'
	from /usr/local/lib/ruby/gems/1.8/gems/daemons-1.0.10/lib/daemons.rb:139:in `run'
	from /usr/local/lib/ruby/gems/1.8/gems/daemons-1.0.10/lib/daemons/cmdline.rb:105:in `call'
	from /usr/local/lib/ruby/gems/1.8/gems/daemons-1.0.10/lib/daemons/cmdline.rb:105:in `catch_exceptions'
	from /usr/local/lib/ruby/gems/1.8/gems/daemons-1.0.10/lib/daemons.rb:138:in `run'
	from script/workling_client:17
=> Loading Rails...
/home/anatoly/rails_apps/commune2/app/models/user.rb:147: warning: Object#id will be deprecated; use Object#object_id
** Rails loaded.
** Starting Workling::Remote::Invokers::ThreadedPoller...
** Use CTRL-C to stop.
** Exiting
/usr/local/lib/ruby/gems/1.8/gems/activerecord-2.3.4/lib/active_record/connection_adapters/mysql_adapter.rb:585:in `real_connect': Can't connect to local MySQL server through socket '/var/run/mysqld/mysqld.sock' (2) (Mysql::Error)
	from /home/anatoly/rails_apps/commune2/vendor/plugins/workling/script/../lib/workling/remote/invokers/threaded_poller.rb:37:in `join'
	from /home/anatoly/rails_apps/commune2/vendor/plugins/workling/script/../lib/workling/remote/invokers/threaded_poller.rb:37:in `listen'
	from /home/anatoly/rails_apps/commune2/vendor/plugins/workling/script/../lib/workling/remote/invokers/threaded_poller.rb:37:in `each'
	from /home/anatoly/rails_apps/commune2/vendor/plugins/workling/script/../lib/workling/remote/invokers/threaded_poller.rb:37:in `listen'
	from /home/anatoly/rails_apps/commune2/vendor/plugins/workling/script/listen.rb:24
	from /usr/local/lib/ruby/gems/1.8/gems/daemons-1.0.10/lib/daemons/application.rb:176:in `load'
	from /usr/local/lib/ruby/gems/1.8/gems/daemons-1.0.10/lib/daemons/application.rb:176:in `start_load'
	from /usr/local/lib/ruby/gems/1.8/gems/daemons-1.0.10/lib/daemons/application.rb:257:in `start'
	from /usr/local/lib/ruby/gems/1.8/gems/daemons-1.0.10/lib/daemons/controller.rb:69:in `run'
	from /usr/local/lib/ruby/gems/1.8/gems/daemons-1.0.10/lib/daemons.rb:139:in `run'
	from /usr/local/lib/ruby/gems/1.8/gems/daemons-1.0.10/lib/daemons/cmdline.rb:105:in `call'
	from /usr/local/lib/ruby/gems/1.8/gems/daemons-1.0.10/lib/daemons/cmdline.rb:105:in `catch_exceptions'
	from /usr/local/lib/ruby/gems/1.8/gems/daemons-1.0.10/lib/daemons.rb:138:in `run'
	from script/workling_client:17
=> Loading Rails...
/home/anatoly/rails_apps/commune2/app/models/user.rb:147: warning: Object#id will be deprecated; use Object#object_id
** Rails loaded.
** Starting Workling::Remote::Invokers::ThreadedPoller...
** Use CTRL-C to stop.
** Exiting
/usr/local/lib/ruby/gems/1.8/gems/activerecord-2.3.4/lib/active_record/connection_adapters/mysql_adapter.rb:585:in `real_connect': Can't connect to local MySQL server through socket '/var/run/mysqld/mysqld.sock' (2) (Mysql::Error)
	from /home/anatoly/rails_apps/commune2/vendor/plugins/workling/script/../lib/workling/remote/invokers/threaded_poller.rb:37:in `join'
	from /home/anatoly/rails_apps/commune2/vendor/plugins/workling/script/../lib/workling/remote/invokers/threaded_poller.rb:37:in `listen'
	from /home/anatoly/rails_apps/commune2/vendor/plugins/workling/script/../lib/workling/remote/invokers/threaded_poller.rb:37:in `each'
	from /home/anatoly/rails_apps/commune2/vendor/plugins/workling/script/../lib/workling/remote/invokers/threaded_poller.rb:37:in `listen'
	from /home/anatoly/rails_apps/commune2/vendor/plugins/workling/script/listen.rb:24
	from /usr/local/lib/ruby/gems/1.8/gems/daemons-1.0.10/lib/daemons/application.rb:176:in `load'
	from /usr/local/lib/ruby/gems/1.8/gems/daemons-1.0.10/lib/daemons/application.rb:176:in `start_load'
	from /usr/local/lib/ruby/gems/1.8/gems/daemons-1.0.10/lib/daemons/application.rb:257:in `start'
	from /usr/local/lib/ruby/gems/1.8/gems/daemons-1.0.10/lib/daemons/controller.rb:69:in `run'
	from /usr/local/lib/ruby/gems/1.8/gems/daemons-1.0.10/lib/daemons.rb:139:in `run'
	from /usr/local/lib/ruby/gems/1.8/gems/daemons-1.0.10/lib/daemons/cmdline.rb:105:in `call'
	from /usr/local/lib/ruby/gems/1.8/gems/daemons-1.0.10/lib/daemons/cmdline.rb:105:in `catch_exceptions'
	from /usr/local/lib/ruby/gems/1.8/gems/daemons-1.0.10/lib/daemons.rb:138:in `run'
	from script/workling_client:17
=> Loading Rails...
/home/anatoly/rails_apps/commune2/app/models/user.rb:147: warning: Object#id will be deprecated; use Object#object_id
** Rails loaded.
** Starting Workling::Remote::Invokers::ThreadedPoller...
** Use CTRL-C to stop.
Reminding... Sat Feb 13 01:00:04 UTC 2010
Number of users: 0
** Exiting
/usr/local/lib/ruby/gems/1.8/gems/activerecord-2.3.4/lib/active_record/connection_adapters/mysql_adapter.rb:585:in `real_connect': Can't connect to local MySQL server through socket '/var/run/mysqld/mysqld.sock' (2) (Mysql::Error)
	from /home/anatoly/rails_apps/commune2/vendor/plugins/workling/script/../lib/workling/remote/invokers/threaded_poller.rb:37:in `join'
	from /home/anatoly/rails_apps/commune2/vendor/plugins/workling/script/../lib/workling/remote/invokers/threaded_poller.rb:37:in `listen'
	from /home/anatoly/rails_apps/commune2/vendor/plugins/workling/script/../lib/workling/remote/invokers/threaded_poller.rb:37:in `each'
	from /home/anatoly/rails_apps/commune2/vendor/plugins/workling/script/../lib/workling/remote/invokers/threaded_poller.rb:37:in `listen'
	from /home/anatoly/rails_apps/commune2/vendor/plugins/workling/script/listen.rb:24
	from /usr/local/lib/ruby/gems/1.8/gems/daemons-1.0.10/lib/daemons/application.rb:176:in `load'
	from /usr/local/lib/ruby/gems/1.8/gems/daemons-1.0.10/lib/daemons/application.rb:176:in `start_load'
	from /usr/local/lib/ruby/gems/1.8/gems/daemons-1.0.10/lib/daemons/application.rb:257:in `start'
	from /usr/local/lib/ruby/gems/1.8/gems/daemons-1.0.10/lib/daemons/controller.rb:69:in `run'
	from /usr/local/lib/ruby/gems/1.8/gems/daemons-1.0.10/lib/daemons.rb:139:in `run'
	from /usr/local/lib/ruby/gems/1.8/gems/daemons-1.0.10/lib/daemons/cmdline.rb:105:in `call'
	from /usr/local/lib/ruby/gems/1.8/gems/daemons-1.0.10/lib/daemons/cmdline.rb:105:in `catch_exceptions'
	from /usr/local/lib/ruby/gems/1.8/gems/daemons-1.0.10/lib/daemons.rb:138:in `run'
	from script/workling_client:17
=> Loading Rails...
/home/anatoly/rails_apps/commune2/app/models/user.rb:147: warning: Object#id will be deprecated; use Object#object_id
** Rails loaded.
** Starting Workling::Remote::Invokers::ThreadedPoller...
** Use CTRL-C to stop.
** Exiting
/usr/local/lib/ruby/gems/1.8/gems/activerecord-2.3.4/lib/active_record/connection_adapters/mysql_adapter.rb:585:in `real_connect': Can't connect to local MySQL server through socket '/var/run/mysqld/mysqld.sock' (2) (Mysql::Error)
	from /home/anatoly/rails_apps/commune2/vendor/plugins/workling/script/../lib/workling/remote/invokers/threaded_poller.rb:37:in `join'
	from /home/anatoly/rails_apps/commune2/vendor/plugins/workling/script/../lib/workling/remote/invokers/threaded_poller.rb:37:in `listen'
	from /home/anatoly/rails_apps/commune2/vendor/plugins/workling/script/../lib/workling/remote/invokers/threaded_poller.rb:37:in `each'
	from /home/anatoly/rails_apps/commune2/vendor/plugins/workling/script/../lib/workling/remote/invokers/threaded_poller.rb:37:in `listen'
	from /home/anatoly/rails_apps/commune2/vendor/plugins/workling/script/listen.rb:24
	from /usr/local/lib/ruby/gems/1.8/gems/daemons-1.0.10/lib/daemons/application.rb:176:in `load'
	from /usr/local/lib/ruby/gems/1.8/gems/daemons-1.0.10/lib/daemons/application.rb:176:in `start_load'
	from /usr/local/lib/ruby/gems/1.8/gems/daemons-1.0.10/lib/daemons/application.rb:257:in `start'
	from /usr/local/lib/ruby/gems/1.8/gems/daemons-1.0.10/lib/daemons/controller.rb:69:in `run'
	from /usr/local/lib/ruby/gems/1.8/gems/daemons-1.0.10/lib/daemons.rb:139:in `run'
	from /usr/local/lib/ruby/gems/1.8/gems/daemons-1.0.10/lib/daemons/cmdline.rb:105:in `call'
	from /usr/local/lib/ruby/gems/1.8/gems/daemons-1.0.10/lib/daemons/cmdline.rb:105:in `catch_exceptions'
	from /usr/local/lib/ruby/gems/1.8/gems/daemons-1.0.10/lib/daemons.rb:138:in `run'
	from script/workling_client:17
=> Loading Rails...
/home/anatoly/rails_apps/commune2/app/models/user.rb:147: warning: Object#id will be deprecated; use Object#object_id
** Rails loaded.
** Starting Workling::Remote::Invokers::ThreadedPoller...
** Use CTRL-C to stop.
** Exiting
/usr/local/lib/ruby/gems/1.8/gems/activerecord-2.3.4/lib/active_record/connection_adapters/mysql_adapter.rb:585:in `real_connect': Can't connect to local MySQL server through socket '/var/run/mysqld/mysqld.sock' (2) (Mysql::Error)
	from /home/anatoly/rails_apps/commune2/vendor/plugins/workling/script/../lib/workling/remote/invokers/threaded_poller.rb:37:in `join'
	from /home/anatoly/rails_apps/commune2/vendor/plugins/workling/script/../lib/workling/remote/invokers/threaded_poller.rb:37:in `listen'
	from /home/anatoly/rails_apps/commune2/vendor/plugins/workling/script/../lib/workling/remote/invokers/threaded_poller.rb:37:in `each'
	from /home/anatoly/rails_apps/commune2/vendor/plugins/workling/script/../lib/workling/remote/invokers/threaded_poller.rb:37:in `listen'
	from /home/anatoly/rails_apps/commune2/vendor/plugins/workling/script/listen.rb:24
	from /usr/local/lib/ruby/gems/1.8/gems/daemons-1.0.10/lib/daemons/application.rb:176:in `load'
	from /usr/local/lib/ruby/gems/1.8/gems/daemons-1.0.10/lib/daemons/application.rb:176:in `start_load'
	from /usr/local/lib/ruby/gems/1.8/gems/daemons-1.0.10/lib/daemons/application.rb:257:in `start'
	from /usr/local/lib/ruby/gems/1.8/gems/daemons-1.0.10/lib/daemons/controller.rb:69:in `run'
	from /usr/local/lib/ruby/gems/1.8/gems/daemons-1.0.10/lib/daemons.rb:139:in `run'
	from /usr/local/lib/ruby/gems/1.8/gems/daemons-1.0.10/lib/daemons/cmdline.rb:105:in `call'
	from /usr/local/lib/ruby/gems/1.8/gems/daemons-1.0.10/lib/daemons/cmdline.rb:105:in `catch_exceptions'
	from /usr/local/lib/ruby/gems/1.8/gems/daemons-1.0.10/lib/daemons.rb:138:in `run'
	from script/workling_client:17
=> Loading Rails...
/home/anatoly/rails_apps/commune2/app/models/user.rb:147: warning: Object#id will be deprecated; use Object#object_id
** Rails loaded.
** Starting Workling::Remote::Invokers::ThreadedPoller...
** Use CTRL-C to stop.
** Exiting
/usr/local/lib/ruby/gems/1.8/gems/activerecord-2.3.4/lib/active_record/connection_adapters/mysql_adapter.rb:585:in `real_connect': Can't connect to local MySQL server through socket '/var/run/mysqld/mysqld.sock' (2) (Mysql::Error)
	from /home/anatoly/rails_apps/commune2/vendor/plugins/workling/script/../lib/workling/remote/invokers/threaded_poller.rb:37:in `join'
	from /home/anatoly/rails_apps/commune2/vendor/plugins/workling/script/../lib/workling/remote/invokers/threaded_poller.rb:37:in `listen'
	from /home/anatoly/rails_apps/commune2/vendor/plugins/workling/script/../lib/workling/remote/invokers/threaded_poller.rb:37:in `each'
	from /home/anatoly/rails_apps/commune2/vendor/plugins/workling/script/../lib/workling/remote/invokers/threaded_poller.rb:37:in `listen'
	from /home/anatoly/rails_apps/commune2/vendor/plugins/workling/script/listen.rb:24
	from /usr/local/lib/ruby/gems/1.8/gems/daemons-1.0.10/lib/daemons/application.rb:176:in `load'
	from /usr/local/lib/ruby/gems/1.8/gems/daemons-1.0.10/lib/daemons/application.rb:176:in `start_load'
	from /usr/local/lib/ruby/gems/1.8/gems/daemons-1.0.10/lib/daemons/application.rb:257:in `start'
	from /usr/local/lib/ruby/gems/1.8/gems/daemons-1.0.10/lib/daemons/controller.rb:69:in `run'
	from /usr/local/lib/ruby/gems/1.8/gems/daemons-1.0.10/lib/daemons.rb:139:in `run'
	from /usr/local/lib/ruby/gems/1.8/gems/daemons-1.0.10/lib/daemons/cmdline.rb:105:in `call'
	from /usr/local/lib/ruby/gems/1.8/gems/daemons-1.0.10/lib/daemons/cmdline.rb:105:in `catch_exceptions'
	from /usr/local/lib/ruby/gems/1.8/gems/daemons-1.0.10/lib/daemons.rb:138:in `run'
	from script/workling_client:17
=> Loading Rails...
/home/anatoly/rails_apps/commune2/app/models/user.rb:147: warning: Object#id will be deprecated; use Object#object_id
** Rails loaded.
** Starting Workling::Remote::Invokers::ThreadedPoller...
** Use CTRL-C to stop.
Reminding... Sat Feb 13 03:00:05 UTC 2010
Number of users: 0
** Exiting
/usr/local/lib/ruby/gems/1.8/gems/activerecord-2.3.4/lib/active_record/connection_adapters/mysql_adapter.rb:585:in `real_connect': Can't connect to local MySQL server through socket '/var/run/mysqld/mysqld.sock' (2) (Mysql::Error)
	from /home/anatoly/rails_apps/commune2/vendor/plugins/workling/script/../lib/workling/remote/invokers/threaded_poller.rb:37:in `join'
	from /home/anatoly/rails_apps/commune2/vendor/plugins/workling/script/../lib/workling/remote/invokers/threaded_poller.rb:37:in `listen'
	from /home/anatoly/rails_apps/commune2/vendor/plugins/workling/script/../lib/workling/remote/invokers/threaded_poller.rb:37:in `each'
	from /home/anatoly/rails_apps/commune2/vendor/plugins/workling/script/../lib/workling/remote/invokers/threaded_poller.rb:37:in `listen'
	from /home/anatoly/rails_apps/commune2/vendor/plugins/workling/script/listen.rb:24
	from /usr/local/lib/ruby/gems/1.8/gems/daemons-1.0.10/lib/daemons/application.rb:176:in `load'
	from /usr/local/lib/ruby/gems/1.8/gems/daemons-1.0.10/lib/daemons/application.rb:176:in `start_load'
	from /usr/local/lib/ruby/gems/1.8/gems/daemons-1.0.10/lib/daemons/application.rb:257:in `start'
	from /usr/local/lib/ruby/gems/1.8/gems/daemons-1.0.10/lib/daemons/controller.rb:69:in `run'
	from /usr/local/lib/ruby/gems/1.8/gems/daemons-1.0.10/lib/daemons.rb:139:in `run'
	from /usr/local/lib/ruby/gems/1.8/gems/daemons-1.0.10/lib/daemons/cmdline.rb:105:in `call'
	from /usr/local/lib/ruby/gems/1.8/gems/daemons-1.0.10/lib/daemons/cmdline.rb:105:in `catch_exceptions'
	from /usr/local/lib/ruby/gems/1.8/gems/daemons-1.0.10/lib/daemons.rb:138:in `run'
	from script/workling_client:17
=> Loading Rails...
/home/anatoly/rails_apps/commune2/app/models/user.rb:147: warning: Object#id will be deprecated; use Object#object_id
** Rails loaded.
** Starting Workling::Remote::Invokers::ThreadedPoller...
** Use CTRL-C to stop.
Reminding... Sat Feb 13 15:00:04 UTC 2010
Number of users: 0
** Exiting
/usr/local/lib/ruby/gems/1.8/gems/activerecord-2.3.4/lib/active_record/connection_adapters/mysql_adapter.rb:585:in `real_connect': Can't connect to local MySQL server through socket '/var/run/mysqld/mysqld.sock' (2) (Mysql::Error)
	from /home/anatoly/rails_apps/commune2/vendor/plugins/workling/script/../lib/workling/remote/invokers/threaded_poller.rb:37:in `join'
	from /home/anatoly/rails_apps/commune2/vendor/plugins/workling/script/../lib/workling/remote/invokers/threaded_poller.rb:37:in `listen'
	from /home/anatoly/rails_apps/commune2/vendor/plugins/workling/script/../lib/workling/remote/invokers/threaded_poller.rb:37:in `each'
	from /home/anatoly/rails_apps/commune2/vendor/plugins/workling/script/../lib/workling/remote/invokers/threaded_poller.rb:37:in `listen'
	from /home/anatoly/rails_apps/commune2/vendor/plugins/workling/script/listen.rb:24
	from /usr/local/lib/ruby/gems/1.8/gems/daemons-1.0.10/lib/daemons/application.rb:176:in `load'
	from /usr/local/lib/ruby/gems/1.8/gems/daemons-1.0.10/lib/daemons/application.rb:176:in `start_load'
	from /usr/local/lib/ruby/gems/1.8/gems/daemons-1.0.10/lib/daemons/application.rb:257:in `start'
	from /usr/local/lib/ruby/gems/1.8/gems/daemons-1.0.10/lib/daemons/controller.rb:69:in `run'
	from /usr/local/lib/ruby/gems/1.8/gems/daemons-1.0.10/lib/daemons.rb:139:in `run'
	from /usr/local/lib/ruby/gems/1.8/gems/daemons-1.0.10/lib/daemons/cmdline.rb:105:in `call'
	from /usr/local/lib/ruby/gems/1.8/gems/daemons-1.0.10/lib/daemons/cmdline.rb:105:in `catch_exceptions'
	from /usr/local/lib/ruby/gems/1.8/gems/daemons-1.0.10/lib/daemons.rb:138:in `run'
	from script/workling_client:17
=> Loading Rails...
/home/anatoly/rails_apps/commune2/app/models/user.rb:147: warning: Object#id will be deprecated; use Object#object_id
** Rails loaded.
** Starting Workling::Remote::Invokers::ThreadedPoller...
** Use CTRL-C to stop.
Reminding... Sat Feb 13 17:00:04 UTC 2010
Number of users: 0
** Exiting
=> Loading Rails...
/home/anatoly/rails_apps/commune2/app/models/user.rb:147: warning: Object#id will be deprecated; use Object#object_id
** Rails loaded.
** Starting Workling::Remote::Invokers::ThreadedPoller...
** Use CTRL-C to stop.
Reminding... Sat Feb 13 19:00:03 UTC 2010
Number of users: 0
Reminding... Sat Feb 13 21:00:04 UTC 2010
Number of users: 0
New job application notification... Sat Feb 13 22:59:51 UTC 2010
Reminding... Sat Feb 13 23:00:04 UTC 2010
Number of users: 0
New job application notification... Sat Feb 13 23:03:55 UTC 2010
Accepted job offer notification... Sat Feb 13 23:06:27 UTC 2010
